12-May-2021 14:02:39.331 INFO [main] org.apache.catalina.startup.VersionLoggerListener.log Server version name:   Apache Tomcat/9.0.45
12-May-2021 14:02:39.333 INFO [main] org.apache.catalina.startup.VersionLoggerListener.log Server built:          Mar 30 2021 10:29:04 UTC
12-May-2021 14:02:39.334 INFO [main] org.apache.catalina.startup.VersionLoggerListener.log Server version number: 9.0.45.0
12-May-2021 14:02:39.334 INFO [main] org.apache.catalina.startup.VersionLoggerListener.log OS Name:               Windows 10
12-May-2021 14:02:39.334 INFO [main] org.apache.catalina.startup.VersionLoggerListener.log OS Version:            10.0
12-May-2021 14:02:39.335 INFO [main] org.apache.catalina.startup.VersionLoggerListener.log Architecture:          amd64
12-May-2021 14:02:39.335 INFO [main] org.apache.catalina.startup.VersionLoggerListener.log Java Home:             C:\Program Files\Java\jdk-15.0.2
12-May-2021 14:02:39.335 INFO [main] org.apache.catalina.startup.VersionLoggerListener.log JVM Version:           15.0.2+7-27
12-May-2021 14:02:39.335 INFO [main] org.apache.catalina.startup.VersionLoggerListener.log JVM Vendor:            Oracle Corporation
12-May-2021 14:02:39.335 INFO [main] org.apache.catalina.startup.VersionLoggerListener.log CATALINA_BASE:         C:\Users\Laurentiu\Desktop\Atestat Neghina Laurentiu\apache-tomcat-9
12-May-2021 14:02:39.335 INFO [main] org.apache.catalina.startup.VersionLoggerListener.log CATALINA_HOME:         C:\Users\Laurentiu\Desktop\Atestat Neghina Laurentiu\apache-tomcat-9
12-May-2021 14:02:39.344 INFO [main] org.apache.catalina.startup.VersionLoggerListener.log Command line argument: --add-opens=java.base/java.lang=ALL-UNNAMED
12-May-2021 14:02:39.344 INFO [main] org.apache.catalina.startup.VersionLoggerListener.log Command line argument: --add-opens=java.base/java.io=ALL-UNNAMED
12-May-2021 14:02:39.344 INFO [main] org.apache.catalina.startup.VersionLoggerListener.log Command line argument: --add-opens=java.base/java.util=ALL-UNNAMED
12-May-2021 14:02:39.345 INFO [main] org.apache.catalina.startup.VersionLoggerListener.log Command line argument: --add-opens=java.base/java.util.concurrent=ALL-UNNAMED
12-May-2021 14:02:39.345 INFO [main] org.apache.catalina.startup.VersionLoggerListener.log Command line argument: --add-opens=java.rmi/sun.rmi.transport=ALL-UNNAMED
12-May-2021 14:02:39.345 INFO [main] org.apache.catalina.startup.VersionLoggerListener.log Command line argument: -Djava.util.logging.config.file=C:\Users\Laurentiu\Desktop\Atestat Neghina Laurentiu\apache-tomcat-9\conf\logging.properties
12-May-2021 14:02:39.346 INFO [main] org.apache.catalina.startup.VersionLoggerListener.log Command line argument: -Djava.util.logging.manager=org.apache.juli.ClassLoaderLogManager
12-May-2021 14:02:39.349 INFO [main] org.apache.catalina.startup.VersionLoggerListener.log Command line argument: -Djdk.tls.ephemeralDHKeySize=2048
12-May-2021 14:02:39.349 INFO [main] org.apache.catalina.startup.VersionLoggerListener.log Command line argument: -Djava.protocol.handler.pkgs=org.apache.catalina.webresources
12-May-2021 14:02:39.349 INFO [main] org.apache.catalina.startup.VersionLoggerListener.log Command line argument: -Dignore.endorsed.dirs=
12-May-2021 14:02:39.350 INFO [main] org.apache.catalina.startup.VersionLoggerListener.log Command line argument: -Dcatalina.base=C:\Users\Laurentiu\Desktop\Atestat Neghina Laurentiu\apache-tomcat-9
12-May-2021 14:02:39.350 INFO [main] org.apache.catalina.startup.VersionLoggerListener.log Command line argument: -Dcatalina.home=C:\Users\Laurentiu\Desktop\Atestat Neghina Laurentiu\apache-tomcat-9
12-May-2021 14:02:39.351 INFO [main] org.apache.catalina.startup.VersionLoggerListener.log Command line argument: -Djava.io.tmpdir=C:\Users\Laurentiu\Desktop\Atestat Neghina Laurentiu\apache-tomcat-9\temp
12-May-2021 14:02:39.357 INFO [main] org.apache.catalina.core.AprLifecycleListener.lifecycleEvent The Apache Tomcat Native library which allows using OpenSSL was not found on the java.library.path: [C:\Program Files\Java\jdk-15.0.2\bin;C:\WINDOWS\Sun\Java\bin;C:\WINDOWS\system32;C:\WINDOWS;C:\ProgramData\Oracle\Java\javapath;C:\gcc\bin;C:\gcc\libexec\gcc\x86_64-pc-mingw32\4.7.0;C:\Program Files\Common Files\Oracle\Java\javapath;C:\Program Files (x86)\Common Files\Oracle\Java\javapath;C:\Program Files (x86)\Common Files\Intel\Shared Libraries\redist\intel64\compiler;C:\ffmpeg\bin;C:\Program Files (x86)\Razer\ChromaBroadcast\bin;C:\Program Files\Razer\ChromaBroadcast\bin;C:\Windows\system32;C:\Windows;C:\Windows\System32\Wbem;C:\Windows\System32\WindowsPowerShell\v1.0\;C:\Windows\System32\OpenSSH\;C:\Program Files\NVIDIA Corporation\NVIDIA NvDLISR;C:\Program Files (x86)\NVIDIA Corporation\PhysX\Common;C:\Program Files (x86)\Microsoft SQL Server\100\Tools\Binn\;C:\Program Files\Microsoft SQL Server\100\Tools\Binn\;C:\Program Files\Microsoft SQL Server\100\DTS\Binn\;C:\Windows\system32\config\systemprofile\AppData\Local\Microsoft\WindowsApps;C:\Python\Python38-32;C:\WINDOWS\system32;C:\WINDOWS;C:\WINDOWS\System32\Wbem;C:\WINDOWS\System32\WindowsPowerShell\v1.0\;C:\WINDOWS\System32\OpenSSH\;C:\Program Files\PuTTY\;C:\Program Files\Azure Data Studio\bin;C:\OJI\Codeblocks\MinGW\bin;C:\Program Files\Git\cmd;C:\Program Files\Java\jdk-15.0.2\bin;C:\sqlite3;C:\Program Files\MySQL\MySQL Shell 8.0\bin\;C:\Python\Python38-32\Scripts\;C:\Python\Python38-32\;C:\Users\Laurentiu\AppData\Local\Microsoft\WindowsApps;C:\Users\Laurentiu\AppData\Local\atom\bin;C:\Users\Laurentiu\AppData\Local\Microsoft\WindowsApps;C:\Program Files\Azure Data Studio\bin;C:\Users\Laurentiu\AppData\Local\Programs\Microsoft VS Code\bin;C:\Program Files\Java\jdk-15.0.2\bin;C:\Users\Laurentiu\AppData\Local\GitHubDesktop\bin;.]
12-May-2021 14:02:39.570 INFO [main] org.apache.coyote.AbstractProtocol.init Initializing ProtocolHandler ["http-nio-8080"]
12-May-2021 14:02:39.632 SEVERE [main] org.apache.catalina.util.LifecycleBase.handleSubClassException Failed to initialize component [Connector[HTTP/1.1-8080]]
	org.apache.catalina.LifecycleException: Protocol handler initialization failed
		at org.apache.catalina.connector.Connector.initInternal(Connector.java:1048)
		at org.apache.catalina.util.LifecycleBase.init(LifecycleBase.java:136)
		at org.apache.catalina.core.StandardService.initInternal(StandardService.java:556)
		at org.apache.catalina.util.LifecycleBase.init(LifecycleBase.java:136)
		at org.apache.catalina.core.StandardServer.initInternal(StandardServer.java:1045)
		at org.apache.catalina.util.LifecycleBase.init(LifecycleBase.java:136)
		at org.apache.catalina.startup.Catalina.load(Catalina.java:724)
		at org.apache.catalina.startup.Catalina.load(Catalina.java:746)
		at java.base/jdk.internal.reflect.NativeMethodAccessorImpl.invoke0(Native Method)
		at java.base/jdk.internal.reflect.NativeMethodAccessorImpl.invoke(NativeMethodAccessorImpl.java:64)
		at java.base/jdk.internal.reflect.DelegatingMethodAccessorImpl.invoke(DelegatingMethodAccessorImpl.java:43)
		at java.base/java.lang.reflect.Method.invoke(Method.java:564)
		at org.apache.catalina.startup.Bootstrap.load(Bootstrap.java:302)
		at org.apache.catalina.startup.Bootstrap.main(Bootstrap.java:472)
	Caused by: java.net.BindException: Address already in use: bind
		at java.base/sun.nio.ch.Net.bind0(Native Method)
		at java.base/sun.nio.ch.Net.bind(Net.java:550)
		at java.base/sun.nio.ch.ServerSocketChannelImpl.bind(ServerSocketChannelImpl.java:249)
		at org.apache.tomcat.util.net.NioEndpoint.initServerSocket(NioEndpoint.java:300)
		at org.apache.tomcat.util.net.NioEndpoint.bind(NioEndpoint.java:253)
		at org.apache.tomcat.util.net.AbstractEndpoint.bindWithCleanup(AbstractEndpoint.java:1204)
		at org.apache.tomcat.util.net.AbstractEndpoint.init(AbstractEndpoint.java:1217)
		at org.apache.coyote.AbstractProtocol.init(AbstractProtocol.java:603)
		at org.apache.coyote.http11.AbstractHttp11Protocol.init(AbstractHttp11Protocol.java:80)
		at org.apache.catalina.connector.Connector.initInternal(Connector.java:1045)
		... 13 more
12-May-2021 14:02:39.634 INFO [main] org.apache.catalina.startup.Catalina.load Server initialization in [442] milliseconds
12-May-2021 14:02:39.669 INFO [main] org.apache.catalina.core.StandardService.startInternal Starting service [Catalina]
12-May-2021 14:02:39.669 INFO [main] org.apache.catalina.core.StandardEngine.startInternal Starting Servlet engine: [Apache Tomcat/9.0.45]
12-May-2021 14:02:39.680 INFO [main] org.apache.catalina.startup.HostConfig.deployDirectory Deploying web application directory [C:\Users\Laurentiu\Desktop\Atestat Neghina Laurentiu\apache-tomcat-9\webapps\docs]
12-May-2021 14:02:39.896 INFO [main] org.apache.catalina.startup.HostConfig.deployDirectory Deployment of web application directory [C:\Users\Laurentiu\Desktop\Atestat Neghina Laurentiu\apache-tomcat-9\webapps\docs] has finished in [215] ms
12-May-2021 14:02:39.896 INFO [main] org.apache.catalina.startup.HostConfig.deployDirectory Deploying web application directory [C:\Users\Laurentiu\Desktop\Atestat Neghina Laurentiu\apache-tomcat-9\webapps\examples]
12-May-2021 14:02:40.327 INFO [main] org.apache.catalina.startup.HostConfig.deployDirectory Deployment of web application directory [C:\Users\Laurentiu\Desktop\Atestat Neghina Laurentiu\apache-tomcat-9\webapps\examples] has finished in [431] ms
12-May-2021 14:02:40.328 INFO [main] org.apache.catalina.startup.HostConfig.deployDirectory Deploying web application directory [C:\Users\Laurentiu\Desktop\Atestat Neghina Laurentiu\apache-tomcat-9\webapps\host-manager]
12-May-2021 14:02:40.361 INFO [main] org.apache.catalina.startup.HostConfig.deployDirectory Deployment of web application directory [C:\Users\Laurentiu\Desktop\Atestat Neghina Laurentiu\apache-tomcat-9\webapps\host-manager] has finished in [32] ms
12-May-2021 14:02:40.361 INFO [main] org.apache.catalina.startup.HostConfig.deployDirectory Deploying web application directory [C:\Users\Laurentiu\Desktop\Atestat Neghina Laurentiu\apache-tomcat-9\webapps\manager]
12-May-2021 14:02:40.386 INFO [main] org.apache.catalina.startup.HostConfig.deployDirectory Deployment of web application directory [C:\Users\Laurentiu\Desktop\Atestat Neghina Laurentiu\apache-tomcat-9\webapps\manager] has finished in [25] ms
12-May-2021 14:02:40.386 INFO [main] org.apache.catalina.startup.HostConfig.deployDirectory Deploying web application directory [C:\Users\Laurentiu\Desktop\Atestat Neghina Laurentiu\apache-tomcat-9\webapps\ROOT]
12-May-2021 14:02:40.407 INFO [main] org.apache.catalina.startup.HostConfig.deployDirectory Deployment of web application directory [C:\Users\Laurentiu\Desktop\Atestat Neghina Laurentiu\apache-tomcat-9\webapps\ROOT] has finished in [21] ms
12-May-2021 14:02:40.410 INFO [main] org.apache.catalina.startup.Catalina.start Server startup in [774] milliseconds
12-May-2021 14:02:40.415 SEVERE [main] org.apache.catalina.core.StandardServer.await Failed to create server shutdown socket on address [localhost] and port [8005] (base port [8005] and offset [0])
	java.net.BindException: Address already in use: bind
		at java.base/sun.nio.ch.Net.bind0(Native Method)
		at java.base/sun.nio.ch.Net.bind(Net.java:550)
		at java.base/sun.nio.ch.Net.bind(Net.java:539)
		at java.base/sun.nio.ch.NioSocketImpl.bind(NioSocketImpl.java:643)
		at java.base/java.net.ServerSocket.bind(ServerSocket.java:396)
		at java.base/java.net.ServerSocket.<init>(ServerSocket.java:282)
		at org.apache.catalina.core.StandardServer.await(StandardServer.java:584)
		at org.apache.catalina.startup.Catalina.await(Catalina.java:864)
		at org.apache.catalina.startup.Catalina.start(Catalina.java:810)
		at java.base/jdk.internal.reflect.NativeMethodAccessorImpl.invoke0(Native Method)
		at java.base/jdk.internal.reflect.NativeMethodAccessorImpl.invoke(NativeMethodAccessorImpl.java:64)
		at java.base/jdk.internal.reflect.DelegatingMethodAccessorImpl.invoke(DelegatingMethodAccessorImpl.java:43)
		at java.base/java.lang.reflect.Method.invoke(Method.java:564)
		at org.apache.catalina.startup.Bootstrap.start(Bootstrap.java:342)
		at org.apache.catalina.startup.Bootstrap.main(Bootstrap.java:473)
12-May-2021 14:02:40.416 INFO [main] org.apache.coyote.AbstractProtocol.pause Pausing ProtocolHandler ["http-nio-8080"]
12-May-2021 14:02:40.416 INFO [main] org.apache.catalina.core.StandardService.stopInternal Stopping service [Catalina]
12-May-2021 14:02:40.433 INFO [main] org.apache.coyote.AbstractProtocol.stop Stopping ProtocolHandler ["http-nio-8080"]
12-May-2021 14:02:40.434 INFO [main] org.apache.coyote.AbstractProtocol.destroy Destroying ProtocolHandler ["http-nio-8080"]
12-May-2021 14:02:45.826 INFO [main] org.apache.catalina.startup.VersionLoggerListener.log Server version name:   Apache Tomcat/9.0.45
12-May-2021 14:02:45.829 INFO [main] org.apache.catalina.startup.VersionLoggerListener.log Server built:          Mar 30 2021 10:29:04 UTC
12-May-2021 14:02:45.829 INFO [main] org.apache.catalina.startup.VersionLoggerListener.log Server version number: 9.0.45.0
12-May-2021 14:02:45.830 INFO [main] org.apache.catalina.startup.VersionLoggerListener.log OS Name:               Windows 10
12-May-2021 14:02:45.830 INFO [main] org.apache.catalina.startup.VersionLoggerListener.log OS Version:            10.0
12-May-2021 14:02:45.830 INFO [main] org.apache.catalina.startup.VersionLoggerListener.log Architecture:          amd64
12-May-2021 14:02:45.830 INFO [main] org.apache.catalina.startup.VersionLoggerListener.log Java Home:             C:\Program Files\Java\jdk-15.0.2
12-May-2021 14:02:45.831 INFO [main] org.apache.catalina.startup.VersionLoggerListener.log JVM Version:           15.0.2+7-27
12-May-2021 14:02:45.831 INFO [main] org.apache.catalina.startup.VersionLoggerListener.log JVM Vendor:            Oracle Corporation
12-May-2021 14:02:45.831 INFO [main] org.apache.catalina.startup.VersionLoggerListener.log CATALINA_BASE:         C:\Users\Laurentiu\Desktop\Atestat Neghina Laurentiu\apache-tomcat-9
12-May-2021 14:02:45.831 INFO [main] org.apache.catalina.startup.VersionLoggerListener.log CATALINA_HOME:         C:\Users\Laurentiu\Desktop\Atestat Neghina Laurentiu\apache-tomcat-9
12-May-2021 14:02:45.839 INFO [main] org.apache.catalina.startup.VersionLoggerListener.log Command line argument: --add-opens=java.base/java.lang=ALL-UNNAMED
12-May-2021 14:02:45.840 INFO [main] org.apache.catalina.startup.VersionLoggerListener.log Command line argument: --add-opens=java.base/java.io=ALL-UNNAMED
12-May-2021 14:02:45.840 INFO [main] org.apache.catalina.startup.VersionLoggerListener.log Command line argument: --add-opens=java.base/java.util=ALL-UNNAMED
12-May-2021 14:02:45.840 INFO [main] org.apache.catalina.startup.VersionLoggerListener.log Command line argument: --add-opens=java.base/java.util.concurrent=ALL-UNNAMED
12-May-2021 14:02:45.840 INFO [main] org.apache.catalina.startup.VersionLoggerListener.log Command line argument: --add-opens=java.rmi/sun.rmi.transport=ALL-UNNAMED
12-May-2021 14:02:45.841 INFO [main] org.apache.catalina.startup.VersionLoggerListener.log Command line argument: -Djava.util.logging.config.file=C:\Users\Laurentiu\Desktop\Atestat Neghina Laurentiu\apache-tomcat-9\conf\logging.properties
12-May-2021 14:02:45.841 INFO [main] org.apache.catalina.startup.VersionLoggerListener.log Command line argument: -Djava.util.logging.manager=org.apache.juli.ClassLoaderLogManager
12-May-2021 14:02:45.842 INFO [main] org.apache.catalina.startup.VersionLoggerListener.log Command line argument: -Djdk.tls.ephemeralDHKeySize=2048
12-May-2021 14:02:45.844 INFO [main] org.apache.catalina.startup.VersionLoggerListener.log Command line argument: -Djava.protocol.handler.pkgs=org.apache.catalina.webresources
12-May-2021 14:02:45.844 INFO [main] org.apache.catalina.startup.VersionLoggerListener.log Command line argument: -Dignore.endorsed.dirs=
12-May-2021 14:02:45.845 INFO [main] org.apache.catalina.startup.VersionLoggerListener.log Command line argument: -Dcatalina.base=C:\Users\Laurentiu\Desktop\Atestat Neghina Laurentiu\apache-tomcat-9
12-May-2021 14:02:45.845 INFO [main] org.apache.catalina.startup.VersionLoggerListener.log Command line argument: -Dcatalina.home=C:\Users\Laurentiu\Desktop\Atestat Neghina Laurentiu\apache-tomcat-9
12-May-2021 14:02:45.845 INFO [main] org.apache.catalina.startup.VersionLoggerListener.log Command line argument: -Djava.io.tmpdir=C:\Users\Laurentiu\Desktop\Atestat Neghina Laurentiu\apache-tomcat-9\temp
12-May-2021 14:02:45.852 INFO [main] org.apache.catalina.core.AprLifecycleListener.lifecycleEvent The Apache Tomcat Native library which allows using OpenSSL was not found on the java.library.path: [C:\Program Files\Java\jdk-15.0.2\bin;C:\WINDOWS\Sun\Java\bin;C:\WINDOWS\system32;C:\WINDOWS;C:\ProgramData\Oracle\Java\javapath;C:\gcc\bin;C:\gcc\libexec\gcc\x86_64-pc-mingw32\4.7.0;C:\Program Files\Common Files\Oracle\Java\javapath;C:\Program Files (x86)\Common Files\Oracle\Java\javapath;C:\Program Files (x86)\Common Files\Intel\Shared Libraries\redist\intel64\compiler;C:\ffmpeg\bin;C:\Program Files (x86)\Razer\ChromaBroadcast\bin;C:\Program Files\Razer\ChromaBroadcast\bin;C:\Windows\system32;C:\Windows;C:\Windows\System32\Wbem;C:\Windows\System32\WindowsPowerShell\v1.0\;C:\Windows\System32\OpenSSH\;C:\Program Files\NVIDIA Corporation\NVIDIA NvDLISR;C:\Program Files (x86)\NVIDIA Corporation\PhysX\Common;C:\Program Files (x86)\Microsoft SQL Server\100\Tools\Binn\;C:\Program Files\Microsoft SQL Server\100\Tools\Binn\;C:\Program Files\Microsoft SQL Server\100\DTS\Binn\;C:\Windows\system32\config\systemprofile\AppData\Local\Microsoft\WindowsApps;C:\Python\Python38-32;C:\WINDOWS\system32;C:\WINDOWS;C:\WINDOWS\System32\Wbem;C:\WINDOWS\System32\WindowsPowerShell\v1.0\;C:\WINDOWS\System32\OpenSSH\;C:\Program Files\PuTTY\;C:\Program Files\Azure Data Studio\bin;C:\OJI\Codeblocks\MinGW\bin;C:\Program Files\Git\cmd;C:\Program Files\Java\jdk-15.0.2\bin;C:\sqlite3;C:\Program Files\MySQL\MySQL Shell 8.0\bin\;C:\Python\Python38-32\Scripts\;C:\Python\Python38-32\;C:\Users\Laurentiu\AppData\Local\Microsoft\WindowsApps;C:\Users\Laurentiu\AppData\Local\atom\bin;C:\Users\Laurentiu\AppData\Local\Microsoft\WindowsApps;C:\Program Files\Azure Data Studio\bin;C:\Users\Laurentiu\AppData\Local\Programs\Microsoft VS Code\bin;C:\Program Files\Java\jdk-15.0.2\bin;C:\Users\Laurentiu\AppData\Local\GitHubDesktop\bin;.]
12-May-2021 14:02:46.069 INFO [main] org.apache.coyote.AbstractProtocol.init Initializing ProtocolHandler ["http-nio-8080"]
12-May-2021 14:02:46.140 INFO [main] org.apache.catalina.startup.Catalina.load Server initialization in [452] milliseconds
12-May-2021 14:02:46.171 INFO [main] org.apache.catalina.core.StandardService.startInternal Starting service [Catalina]
12-May-2021 14:02:46.171 INFO [main] org.apache.catalina.core.StandardEngine.startInternal Starting Servlet engine: [Apache Tomcat/9.0.45]
12-May-2021 14:02:46.178 INFO [main] org.apache.catalina.startup.HostConfig.deployDirectory Deploying web application directory [C:\Users\Laurentiu\Desktop\Atestat Neghina Laurentiu\apache-tomcat-9\webapps\docs]
12-May-2021 14:02:46.393 INFO [main] org.apache.catalina.startup.HostConfig.deployDirectory Deployment of web application directory [C:\Users\Laurentiu\Desktop\Atestat Neghina Laurentiu\apache-tomcat-9\webapps\docs] has finished in [215] ms
12-May-2021 14:02:46.394 INFO [main] org.apache.catalina.startup.HostConfig.deployDirectory Deploying web application directory [C:\Users\Laurentiu\Desktop\Atestat Neghina Laurentiu\apache-tomcat-9\webapps\examples]
12-May-2021 14:02:46.758 INFO [main] org.apache.catalina.startup.HostConfig.deployDirectory Deployment of web application directory [C:\Users\Laurentiu\Desktop\Atestat Neghina Laurentiu\apache-tomcat-9\webapps\examples] has finished in [364] ms
12-May-2021 14:02:46.758 INFO [main] org.apache.catalina.startup.HostConfig.deployDirectory Deploying web application directory [C:\Users\Laurentiu\Desktop\Atestat Neghina Laurentiu\apache-tomcat-9\webapps\host-manager]
12-May-2021 14:02:46.788 INFO [main] org.apache.catalina.startup.HostConfig.deployDirectory Deployment of web application directory [C:\Users\Laurentiu\Desktop\Atestat Neghina Laurentiu\apache-tomcat-9\webapps\host-manager] has finished in [30] ms
12-May-2021 14:02:46.789 INFO [main] org.apache.catalina.startup.HostConfig.deployDirectory Deploying web application directory [C:\Users\Laurentiu\Desktop\Atestat Neghina Laurentiu\apache-tomcat-9\webapps\manager]
12-May-2021 14:02:46.818 INFO [main] org.apache.catalina.startup.HostConfig.deployDirectory Deployment of web application directory [C:\Users\Laurentiu\Desktop\Atestat Neghina Laurentiu\apache-tomcat-9\webapps\manager] has finished in [29] ms
12-May-2021 14:02:46.819 INFO [main] org.apache.catalina.startup.HostConfig.deployDirectory Deploying web application directory [C:\Users\Laurentiu\Desktop\Atestat Neghina Laurentiu\apache-tomcat-9\webapps\ROOT]
12-May-2021 14:02:46.840 INFO [main] org.apache.catalina.startup.HostConfig.deployDirectory Deployment of web application directory [C:\Users\Laurentiu\Desktop\Atestat Neghina Laurentiu\apache-tomcat-9\webapps\ROOT] has finished in [21] ms
12-May-2021 14:02:46.843 INFO [main] org.apache.coyote.AbstractProtocol.start Starting ProtocolHandler ["http-nio-8080"]
12-May-2021 14:02:46.850 INFO [main] org.apache.catalina.startup.Catalina.start Server startup in [709] milliseconds
12-May-2021 14:03:23.126 INFO [main] org.apache.catalina.core.StandardServer.await A valid shutdown command was received via the shutdown port. Stopping the Server instance.
12-May-2021 14:03:23.127 INFO [main] org.apache.coyote.AbstractProtocol.pause Pausing ProtocolHandler ["http-nio-8080"]
12-May-2021 14:03:23.146 INFO [main] org.apache.catalina.core.StandardService.stopInternal Stopping service [Catalina]
12-May-2021 14:03:23.160 INFO [main] org.apache.coyote.AbstractProtocol.stop Stopping ProtocolHandler ["http-nio-8080"]
12-May-2021 14:03:23.191 INFO [main] org.apache.coyote.AbstractProtocol.destroy Destroying ProtocolHandler ["http-nio-8080"]
12-May-2021 14:04:04.544 INFO [main] org.apache.catalina.startup.VersionLoggerListener.log Server version name:   Apache Tomcat/9.0.45
12-May-2021 14:04:04.547 INFO [main] org.apache.catalina.startup.VersionLoggerListener.log Server built:          Mar 30 2021 10:29:04 UTC
12-May-2021 14:04:04.547 INFO [main] org.apache.catalina.startup.VersionLoggerListener.log Server version number: 9.0.45.0
12-May-2021 14:04:04.547 INFO [main] org.apache.catalina.startup.VersionLoggerListener.log OS Name:               Windows 10
12-May-2021 14:04:04.547 INFO [main] org.apache.catalina.startup.VersionLoggerListener.log OS Version:            10.0
12-May-2021 14:04:04.547 INFO [main] org.apache.catalina.startup.VersionLoggerListener.log Architecture:          amd64
12-May-2021 14:04:04.548 INFO [main] org.apache.catalina.startup.VersionLoggerListener.log Java Home:             C:\Program Files\Java\jdk-15.0.2
12-May-2021 14:04:04.548 INFO [main] org.apache.catalina.startup.VersionLoggerListener.log JVM Version:           15.0.2+7-27
12-May-2021 14:04:04.548 INFO [main] org.apache.catalina.startup.VersionLoggerListener.log JVM Vendor:            Oracle Corporation
12-May-2021 14:04:04.548 INFO [main] org.apache.catalina.startup.VersionLoggerListener.log CATALINA_BASE:         C:\Users\Laurentiu\Desktop\Atestat Neghina Laurentiu\apache-tomcat-9
12-May-2021 14:04:04.548 INFO [main] org.apache.catalina.startup.VersionLoggerListener.log CATALINA_HOME:         C:\Users\Laurentiu\Desktop\Atestat Neghina Laurentiu\apache-tomcat-9
12-May-2021 14:04:04.557 INFO [main] org.apache.catalina.startup.VersionLoggerListener.log Command line argument: --add-opens=java.base/java.lang=ALL-UNNAMED
12-May-2021 14:04:04.557 INFO [main] org.apache.catalina.startup.VersionLoggerListener.log Command line argument: --add-opens=java.base/java.io=ALL-UNNAMED
12-May-2021 14:04:04.558 INFO [main] org.apache.catalina.startup.VersionLoggerListener.log Command line argument: --add-opens=java.base/java.util=ALL-UNNAMED
12-May-2021 14:04:04.558 INFO [main] org.apache.catalina.startup.VersionLoggerListener.log Command line argument: --add-opens=java.base/java.util.concurrent=ALL-UNNAMED
12-May-2021 14:04:04.558 INFO [main] org.apache.catalina.startup.VersionLoggerListener.log Command line argument: --add-opens=java.rmi/sun.rmi.transport=ALL-UNNAMED
12-May-2021 14:04:04.558 INFO [main] org.apache.catalina.startup.VersionLoggerListener.log Command line argument: -Djava.util.logging.config.file=C:\Users\Laurentiu\Desktop\Atestat Neghina Laurentiu\apache-tomcat-9\conf\logging.properties
12-May-2021 14:04:04.559 INFO [main] org.apache.catalina.startup.VersionLoggerListener.log Command line argument: -Djava.util.logging.manager=org.apache.juli.ClassLoaderLogManager
12-May-2021 14:04:04.559 INFO [main] org.apache.catalina.startup.VersionLoggerListener.log Command line argument: -Djdk.tls.ephemeralDHKeySize=2048
12-May-2021 14:04:04.560 INFO [main] org.apache.catalina.startup.VersionLoggerListener.log Command line argument: -Djava.protocol.handler.pkgs=org.apache.catalina.webresources
12-May-2021 14:04:04.560 INFO [main] org.apache.catalina.startup.VersionLoggerListener.log Command line argument: -Dignore.endorsed.dirs=
12-May-2021 14:04:04.561 INFO [main] org.apache.catalina.startup.VersionLoggerListener.log Command line argument: -Dcatalina.base=C:\Users\Laurentiu\Desktop\Atestat Neghina Laurentiu\apache-tomcat-9
12-May-2021 14:04:04.561 INFO [main] org.apache.catalina.startup.VersionLoggerListener.log Command line argument: -Dcatalina.home=C:\Users\Laurentiu\Desktop\Atestat Neghina Laurentiu\apache-tomcat-9
12-May-2021 14:04:04.562 INFO [main] org.apache.catalina.startup.VersionLoggerListener.log Command line argument: -Djava.io.tmpdir=C:\Users\Laurentiu\Desktop\Atestat Neghina Laurentiu\apache-tomcat-9\temp
12-May-2021 14:04:04.568 INFO [main] org.apache.catalina.core.AprLifecycleListener.lifecycleEvent The Apache Tomcat Native library which allows using OpenSSL was not found on the java.library.path: [C:\Program Files\Java\jdk-15.0.2\bin;C:\WINDOWS\Sun\Java\bin;C:\WINDOWS\system32;C:\WINDOWS;C:\ProgramData\Oracle\Java\javapath;C:\gcc\bin;C:\gcc\libexec\gcc\x86_64-pc-mingw32\4.7.0;C:\Program Files\Common Files\Oracle\Java\javapath;C:\Program Files (x86)\Common Files\Oracle\Java\javapath;C:\Program Files (x86)\Common Files\Intel\Shared Libraries\redist\intel64\compiler;C:\ffmpeg\bin;C:\Program Files (x86)\Razer\ChromaBroadcast\bin;C:\Program Files\Razer\ChromaBroadcast\bin;C:\Windows\system32;C:\Windows;C:\Windows\System32\Wbem;C:\Windows\System32\WindowsPowerShell\v1.0\;C:\Windows\System32\OpenSSH\;C:\Program Files\NVIDIA Corporation\NVIDIA NvDLISR;C:\Program Files (x86)\NVIDIA Corporation\PhysX\Common;C:\Program Files (x86)\Microsoft SQL Server\100\Tools\Binn\;C:\Program Files\Microsoft SQL Server\100\Tools\Binn\;C:\Program Files\Microsoft SQL Server\100\DTS\Binn\;C:\Windows\system32\config\systemprofile\AppData\Local\Microsoft\WindowsApps;C:\Python\Python38-32;C:\WINDOWS\system32;C:\WINDOWS;C:\WINDOWS\System32\Wbem;C:\WINDOWS\System32\WindowsPowerShell\v1.0\;C:\WINDOWS\System32\OpenSSH\;C:\Program Files\PuTTY\;C:\Program Files\Azure Data Studio\bin;C:\OJI\Codeblocks\MinGW\bin;C:\Program Files\Git\cmd;C:\Program Files\Java\jdk-15.0.2\bin;C:\sqlite3;C:\Program Files\MySQL\MySQL Shell 8.0\bin\;C:\Python\Python38-32\Scripts\;C:\Python\Python38-32\;C:\Users\Laurentiu\AppData\Local\Microsoft\WindowsApps;C:\Users\Laurentiu\AppData\Local\atom\bin;C:\Users\Laurentiu\AppData\Local\Microsoft\WindowsApps;C:\Program Files\Azure Data Studio\bin;C:\Users\Laurentiu\AppData\Local\Programs\Microsoft VS Code\bin;C:\Program Files\Java\jdk-15.0.2\bin;C:\Users\Laurentiu\AppData\Local\GitHubDesktop\bin;.]
12-May-2021 14:04:04.780 INFO [main] org.apache.coyote.AbstractProtocol.init Initializing ProtocolHandler ["http-nio-8080"]
12-May-2021 14:04:04.857 INFO [main] org.apache.catalina.startup.Catalina.load Server initialization in [451] milliseconds
12-May-2021 14:04:04.897 INFO [main] org.apache.catalina.core.StandardService.startInternal Starting service [Catalina]
12-May-2021 14:04:04.897 INFO [main] org.apache.catalina.core.StandardEngine.startInternal Starting Servlet engine: [Apache Tomcat/9.0.45]
12-May-2021 14:04:04.905 INFO [main] org.apache.catalina.startup.HostConfig.deployDirectory Deploying web application directory [C:\Users\Laurentiu\Desktop\Atestat Neghina Laurentiu\apache-tomcat-9\webapps\docs]
12-May-2021 14:04:05.109 INFO [main] org.apache.catalina.startup.HostConfig.deployDirectory Deployment of web application directory [C:\Users\Laurentiu\Desktop\Atestat Neghina Laurentiu\apache-tomcat-9\webapps\docs] has finished in [204] ms
12-May-2021 14:04:05.110 INFO [main] org.apache.catalina.startup.HostConfig.deployDirectory Deploying web application directory [C:\Users\Laurentiu\Desktop\Atestat Neghina Laurentiu\apache-tomcat-9\webapps\examples]
12-May-2021 14:04:05.499 INFO [main] org.apache.catalina.startup.HostConfig.deployDirectory Deployment of web application directory [C:\Users\Laurentiu\Desktop\Atestat Neghina Laurentiu\apache-tomcat-9\webapps\examples] has finished in [390] ms
12-May-2021 14:04:05.499 INFO [main] org.apache.catalina.startup.HostConfig.deployDirectory Deploying web application directory [C:\Users\Laurentiu\Desktop\Atestat Neghina Laurentiu\apache-tomcat-9\webapps\host-manager]
12-May-2021 14:04:05.531 INFO [main] org.apache.catalina.startup.HostConfig.deployDirectory Deployment of web application directory [C:\Users\Laurentiu\Desktop\Atestat Neghina Laurentiu\apache-tomcat-9\webapps\host-manager] has finished in [31] ms
12-May-2021 14:04:05.531 INFO [main] org.apache.catalina.startup.HostConfig.deployDirectory Deploying web application directory [C:\Users\Laurentiu\Desktop\Atestat Neghina Laurentiu\apache-tomcat-9\webapps\manager]
12-May-2021 14:04:05.562 INFO [main] org.apache.catalina.startup.HostConfig.deployDirectory Deployment of web application directory [C:\Users\Laurentiu\Desktop\Atestat Neghina Laurentiu\apache-tomcat-9\webapps\manager] has finished in [31] ms
12-May-2021 14:04:05.562 INFO [main] org.apache.catalina.startup.HostConfig.deployDirectory Deploying web application directory [C:\Users\Laurentiu\Desktop\Atestat Neghina Laurentiu\apache-tomcat-9\webapps\ROOT]
12-May-2021 14:04:05.585 INFO [main] org.apache.catalina.startup.HostConfig.deployDirectory Deployment of web application directory [C:\Users\Laurentiu\Desktop\Atestat Neghina Laurentiu\apache-tomcat-9\webapps\ROOT] has finished in [23] ms
12-May-2021 14:04:05.588 INFO [main] org.apache.coyote.AbstractProtocol.start Starting ProtocolHandler ["http-nio-8080"]
12-May-2021 14:04:05.594 INFO [main] org.apache.catalina.startup.Catalina.start Server startup in [736] milliseconds
12-May-2021 14:04:17.451 INFO [http-nio-8080-exec-4] org.apache.catalina.startup.HostConfig.deployWAR Deploying web application archive [C:\Users\Laurentiu\Desktop\Atestat Neghina Laurentiu\apache-tomcat-9\webapps\todaytech.war]
12-May-2021 14:04:18.042 INFO [http-nio-8080-exec-4] org.apache.jasper.servlet.TldScanner.scanJars At least one JAR was scanned for TLDs yet contained no TLDs. Enable debug logging for this logger for a complete list of JARs that were scanned but no TLDs were found in them. Skipping unneeded JARs during scanning can improve startup time and JSP compilation time.
12-May-2021 14:04:18.048 INFO [http-nio-8080-exec-4] org.apache.catalina.startup.HostConfig.deployWAR Deployment of web application archive [C:\Users\Laurentiu\Desktop\Atestat Neghina Laurentiu\apache-tomcat-9\webapps\todaytech.war] has finished in [597] ms
12-May-2021 14:10:35.177 INFO [main] org.apache.catalina.core.StandardServer.await A valid shutdown command was received via the shutdown port. Stopping the Server instance.
12-May-2021 14:10:35.178 INFO [main] org.apache.coyote.AbstractProtocol.pause Pausing ProtocolHandler ["http-nio-8080"]
12-May-2021 14:10:35.191 INFO [main] org.apache.catalina.core.StandardService.stopInternal Stopping service [Catalina]
12-May-2021 14:10:35.216 WARNING [main] org.apache.catalina.loader.WebappClassLoaderBase.clearReferencesJdbc The web application [todaytech] registered the JDBC driver [org.sqlite.JDBC] but failed to unregister it when the web application was stopped. To prevent a memory leak, the JDBC Driver has been forcibly unregistered.
12-May-2021 14:10:35.224 INFO [main] org.apache.coyote.AbstractProtocol.stop Stopping ProtocolHandler ["http-nio-8080"]
12-May-2021 14:10:35.239 INFO [main] org.apache.coyote.AbstractProtocol.destroy Destroying ProtocolHandler ["http-nio-8080"]
12-May-2021 14:10:45.058 INFO [main] org.apache.catalina.startup.VersionLoggerListener.log Server version name:   Apache Tomcat/9.0.45
12-May-2021 14:10:45.061 INFO [main] org.apache.catalina.startup.VersionLoggerListener.log Server built:          Mar 30 2021 10:29:04 UTC
12-May-2021 14:10:45.062 INFO [main] org.apache.catalina.startup.VersionLoggerListener.log Server version number: 9.0.45.0
12-May-2021 14:10:45.062 INFO [main] org.apache.catalina.startup.VersionLoggerListener.log OS Name:               Windows 10
12-May-2021 14:10:45.063 INFO [main] org.apache.catalina.startup.VersionLoggerListener.log OS Version:            10.0
12-May-2021 14:10:45.063 INFO [main] org.apache.catalina.startup.VersionLoggerListener.log Architecture:          amd64
12-May-2021 14:10:45.063 INFO [main] org.apache.catalina.startup.VersionLoggerListener.log Java Home:             C:\Program Files\Java\jdk-15.0.2
12-May-2021 14:10:45.064 INFO [main] org.apache.catalina.startup.VersionLoggerListener.log JVM Version:           15.0.2+7-27
12-May-2021 14:10:45.064 INFO [main] org.apache.catalina.startup.VersionLoggerListener.log JVM Vendor:            Oracle Corporation
12-May-2021 14:10:45.064 INFO [main] org.apache.catalina.startup.VersionLoggerListener.log CATALINA_BASE:         C:\Users\Laurentiu\Desktop\Atestat Neghina Laurentiu\apache-tomcat-9
12-May-2021 14:10:45.064 INFO [main] org.apache.catalina.startup.VersionLoggerListener.log CATALINA_HOME:         C:\Users\Laurentiu\Desktop\Atestat Neghina Laurentiu\apache-tomcat-9
12-May-2021 14:10:45.072 INFO [main] org.apache.catalina.startup.VersionLoggerListener.log Command line argument: --add-opens=java.base/java.lang=ALL-UNNAMED
12-May-2021 14:10:45.072 INFO [main] org.apache.catalina.startup.VersionLoggerListener.log Command line argument: --add-opens=java.base/java.io=ALL-UNNAMED
12-May-2021 14:10:45.073 INFO [main] org.apache.catalina.startup.VersionLoggerListener.log Command line argument: --add-opens=java.base/java.util=ALL-UNNAMED
12-May-2021 14:10:45.073 INFO [main] org.apache.catalina.startup.VersionLoggerListener.log Command line argument: --add-opens=java.base/java.util.concurrent=ALL-UNNAMED
12-May-2021 14:10:45.073 INFO [main] org.apache.catalina.startup.VersionLoggerListener.log Command line argument: --add-opens=java.rmi/sun.rmi.transport=ALL-UNNAMED
12-May-2021 14:10:45.074 INFO [main] org.apache.catalina.startup.VersionLoggerListener.log Command line argument: -Djava.util.logging.config.file=C:\Users\Laurentiu\Desktop\Atestat Neghina Laurentiu\apache-tomcat-9\conf\logging.properties
12-May-2021 14:10:45.074 INFO [main] org.apache.catalina.startup.VersionLoggerListener.log Command line argument: -Djava.util.logging.manager=org.apache.juli.ClassLoaderLogManager
12-May-2021 14:10:45.074 INFO [main] org.apache.catalina.startup.VersionLoggerListener.log Command line argument: -Djdk.tls.ephemeralDHKeySize=2048
12-May-2021 14:10:45.075 INFO [main] org.apache.catalina.startup.VersionLoggerListener.log Command line argument: -Djava.protocol.handler.pkgs=org.apache.catalina.webresources
12-May-2021 14:10:45.077 INFO [main] org.apache.catalina.startup.VersionLoggerListener.log Command line argument: -Dignore.endorsed.dirs=
12-May-2021 14:10:45.077 INFO [main] org.apache.catalina.startup.VersionLoggerListener.log Command line argument: -Dcatalina.base=C:\Users\Laurentiu\Desktop\Atestat Neghina Laurentiu\apache-tomcat-9
12-May-2021 14:10:45.078 INFO [main] org.apache.catalina.startup.VersionLoggerListener.log Command line argument: -Dcatalina.home=C:\Users\Laurentiu\Desktop\Atestat Neghina Laurentiu\apache-tomcat-9
12-May-2021 14:10:45.079 INFO [main] org.apache.catalina.startup.VersionLoggerListener.log Command line argument: -Djava.io.tmpdir=C:\Users\Laurentiu\Desktop\Atestat Neghina Laurentiu\apache-tomcat-9\temp
12-May-2021 14:10:45.085 INFO [main] org.apache.catalina.core.AprLifecycleListener.lifecycleEvent The Apache Tomcat Native library which allows using OpenSSL was not found on the java.library.path: [C:\Program Files\Java\jdk-15.0.2\bin;C:\WINDOWS\Sun\Java\bin;C:\WINDOWS\system32;C:\WINDOWS;C:\ProgramData\Oracle\Java\javapath;C:\gcc\bin;C:\gcc\libexec\gcc\x86_64-pc-mingw32\4.7.0;C:\Program Files\Common Files\Oracle\Java\javapath;C:\Program Files (x86)\Common Files\Oracle\Java\javapath;C:\Program Files (x86)\Common Files\Intel\Shared Libraries\redist\intel64\compiler;C:\ffmpeg\bin;C:\Program Files (x86)\Razer\ChromaBroadcast\bin;C:\Program Files\Razer\ChromaBroadcast\bin;C:\Windows\system32;C:\Windows;C:\Windows\System32\Wbem;C:\Windows\System32\WindowsPowerShell\v1.0\;C:\Windows\System32\OpenSSH\;C:\Program Files\NVIDIA Corporation\NVIDIA NvDLISR;C:\Program Files (x86)\NVIDIA Corporation\PhysX\Common;C:\Program Files (x86)\Microsoft SQL Server\100\Tools\Binn\;C:\Program Files\Microsoft SQL Server\100\Tools\Binn\;C:\Program Files\Microsoft SQL Server\100\DTS\Binn\;C:\Windows\system32\config\systemprofile\AppData\Local\Microsoft\WindowsApps;C:\Python\Python38-32;C:\WINDOWS\system32;C:\WINDOWS;C:\WINDOWS\System32\Wbem;C:\WINDOWS\System32\WindowsPowerShell\v1.0\;C:\WINDOWS\System32\OpenSSH\;C:\Program Files\PuTTY\;C:\Program Files\Azure Data Studio\bin;C:\OJI\Codeblocks\MinGW\bin;C:\Program Files\Git\cmd;C:\Program Files\Java\jdk-15.0.2\bin;C:\sqlite3;C:\Program Files\MySQL\MySQL Shell 8.0\bin\;C:\Python\Python38-32\Scripts\;C:\Python\Python38-32\;C:\Users\Laurentiu\AppData\Local\Microsoft\WindowsApps;C:\Users\Laurentiu\AppData\Local\atom\bin;C:\Users\Laurentiu\AppData\Local\Microsoft\WindowsApps;C:\Program Files\Azure Data Studio\bin;C:\Users\Laurentiu\AppData\Local\Programs\Microsoft VS Code\bin;C:\Program Files\Java\jdk-15.0.2\bin;C:\Users\Laurentiu\AppData\Local\GitHubDesktop\bin;.]
12-May-2021 14:10:45.341 INFO [main] org.apache.coyote.AbstractProtocol.init Initializing ProtocolHandler ["http-nio-8080"]
12-May-2021 14:10:45.418 INFO [main] org.apache.catalina.startup.Catalina.load Server initialization in [510] milliseconds
12-May-2021 14:10:45.459 INFO [main] org.apache.catalina.core.StandardService.startInternal Starting service [Catalina]
12-May-2021 14:10:45.459 INFO [main] org.apache.catalina.core.StandardEngine.startInternal Starting Servlet engine: [Apache Tomcat/9.0.45]
12-May-2021 14:10:45.466 INFO [main] org.apache.catalina.startup.HostConfig.deployDirectory Deploying web application directory [C:\Users\Laurentiu\Desktop\Atestat Neghina Laurentiu\apache-tomcat-9\webapps\docs]
12-May-2021 14:10:45.705 INFO [main] org.apache.catalina.startup.HostConfig.deployDirectory Deployment of web application directory [C:\Users\Laurentiu\Desktop\Atestat Neghina Laurentiu\apache-tomcat-9\webapps\docs] has finished in [238] ms
12-May-2021 14:10:45.705 INFO [main] org.apache.catalina.startup.HostConfig.deployDirectory Deploying web application directory [C:\Users\Laurentiu\Desktop\Atestat Neghina Laurentiu\apache-tomcat-9\webapps\examples]
12-May-2021 14:10:46.120 INFO [main] org.apache.catalina.startup.HostConfig.deployDirectory Deployment of web application directory [C:\Users\Laurentiu\Desktop\Atestat Neghina Laurentiu\apache-tomcat-9\webapps\examples] has finished in [415] ms
12-May-2021 14:10:46.121 INFO [main] org.apache.catalina.startup.HostConfig.deployDirectory Deploying web application directory [C:\Users\Laurentiu\Desktop\Atestat Neghina Laurentiu\apache-tomcat-9\webapps\host-manager]
12-May-2021 14:10:46.153 INFO [main] org.apache.catalina.startup.HostConfig.deployDirectory Deployment of web application directory [C:\Users\Laurentiu\Desktop\Atestat Neghina Laurentiu\apache-tomcat-9\webapps\host-manager] has finished in [32] ms
12-May-2021 14:10:46.153 INFO [main] org.apache.catalina.startup.HostConfig.deployDirectory Deploying web application directory [C:\Users\Laurentiu\Desktop\Atestat Neghina Laurentiu\apache-tomcat-9\webapps\manager]
12-May-2021 14:10:46.201 INFO [main] org.apache.catalina.startup.HostConfig.deployDirectory Deployment of web application directory [C:\Users\Laurentiu\Desktop\Atestat Neghina Laurentiu\apache-tomcat-9\webapps\manager] has finished in [48] ms
12-May-2021 14:10:46.202 INFO [main] org.apache.catalina.startup.HostConfig.deployDirectory Deploying web application directory [C:\Users\Laurentiu\Desktop\Atestat Neghina Laurentiu\apache-tomcat-9\webapps\ROOT]
12-May-2021 14:10:46.229 INFO [main] org.apache.catalina.startup.HostConfig.deployDirectory Deployment of web application directory [C:\Users\Laurentiu\Desktop\Atestat Neghina Laurentiu\apache-tomcat-9\webapps\ROOT] has finished in [27] ms
12-May-2021 14:10:46.231 INFO [main] org.apache.coyote.AbstractProtocol.start Starting ProtocolHandler ["http-nio-8080"]
12-May-2021 14:10:46.237 INFO [main] org.apache.catalina.startup.Catalina.start Server startup in [818] milliseconds
12-May-2021 14:10:57.437 INFO [http-nio-8080-exec-4] org.apache.catalina.startup.HostConfig.deployWAR Deploying web application archive [C:\Users\Laurentiu\Desktop\Atestat Neghina Laurentiu\apache-tomcat-9\webapps\todaytech.war]
12-May-2021 14:10:58.030 INFO [http-nio-8080-exec-4] org.apache.jasper.servlet.TldScanner.scanJars At least one JAR was scanned for TLDs yet contained no TLDs. Enable debug logging for this logger for a complete list of JARs that were scanned but no TLDs were found in them. Skipping unneeded JARs during scanning can improve startup time and JSP compilation time.
12-May-2021 14:10:58.037 INFO [http-nio-8080-exec-4] org.apache.catalina.startup.HostConfig.deployWAR Deployment of web application archive [C:\Users\Laurentiu\Desktop\Atestat Neghina Laurentiu\apache-tomcat-9\webapps\todaytech.war] has finished in [600] ms
12-May-2021 14:14:49.530 INFO [main] org.apache.catalina.core.StandardServer.await A valid shutdown command was received via the shutdown port. Stopping the Server instance.
12-May-2021 14:14:49.531 INFO [main] org.apache.coyote.AbstractProtocol.pause Pausing ProtocolHandler ["http-nio-8080"]
12-May-2021 14:14:49.549 INFO [main] org.apache.catalina.core.StandardService.stopInternal Stopping service [Catalina]
12-May-2021 14:14:49.567 WARNING [main] org.apache.catalina.loader.WebappClassLoaderBase.clearReferencesJdbc The web application [todaytech] registered the JDBC driver [org.sqlite.JDBC] but failed to unregister it when the web application was stopped. To prevent a memory leak, the JDBC Driver has been forcibly unregistered.
12-May-2021 14:14:49.575 INFO [main] org.apache.coyote.AbstractProtocol.stop Stopping ProtocolHandler ["http-nio-8080"]
12-May-2021 14:14:49.597 INFO [main] org.apache.coyote.AbstractProtocol.destroy Destroying ProtocolHandler ["http-nio-8080"]
