12-May-2021 14:02:40.318 INFO [main] org.apache.catalina.core.ApplicationContext.log ContextListener: contextInitialized()
12-May-2021 14:02:40.318 INFO [main] org.apache.catalina.core.ApplicationContext.log SessionListener: contextInitialized()
12-May-2021 14:02:40.319 INFO [main] org.apache.catalina.core.ApplicationContext.log ContextListener: attributeAdded('StockTicker', 'async.Stockticker@78fb9a67')
12-May-2021 14:02:40.423 INFO [main] org.apache.catalina.core.ApplicationContext.log SessionListener: contextDestroyed()
12-May-2021 14:02:40.423 INFO [main] org.apache.catalina.core.ApplicationContext.log ContextListener: contextDestroyed()
12-May-2021 14:02:46.748 INFO [main] org.apache.catalina.core.ApplicationContext.log ContextListener: contextInitialized()
12-May-2021 14:02:46.748 INFO [main] org.apache.catalina.core.ApplicationContext.log SessionListener: contextInitialized()
12-May-2021 14:02:46.750 INFO [main] org.apache.catalina.core.ApplicationContext.log ContextListener: attributeAdded('StockTicker', 'async.Stockticker@71984c3')
12-May-2021 14:03:23.153 INFO [main] org.apache.catalina.core.ApplicationContext.log SessionListener: contextDestroyed()
12-May-2021 14:03:23.153 INFO [main] org.apache.catalina.core.ApplicationContext.log ContextListener: contextDestroyed()
12-May-2021 14:04:05.489 INFO [main] org.apache.catalina.core.ApplicationContext.log ContextListener: contextInitialized()
12-May-2021 14:04:05.489 INFO [main] org.apache.catalina.core.ApplicationContext.log SessionListener: contextInitialized()
12-May-2021 14:04:05.491 INFO [main] org.apache.catalina.core.ApplicationContext.log ContextListener: attributeAdded('StockTicker', 'async.Stockticker@6ca0256d')
12-May-2021 14:10:35.204 INFO [main] org.apache.catalina.core.ApplicationContext.log SessionListener: contextDestroyed()
12-May-2021 14:10:35.204 INFO [main] org.apache.catalina.core.ApplicationContext.log ContextListener: contextDestroyed()
12-May-2021 14:10:46.109 INFO [main] org.apache.catalina.core.ApplicationContext.log ContextListener: contextInitialized()
12-May-2021 14:10:46.109 INFO [main] org.apache.catalina.core.ApplicationContext.log SessionListener: contextInitialized()
12-May-2021 14:10:46.111 INFO [main] org.apache.catalina.core.ApplicationContext.log ContextListener: attributeAdded('StockTicker', 'async.Stockticker@6ca0256d')
12-May-2021 14:14:49.556 INFO [main] org.apache.catalina.core.ApplicationContext.log SessionListener: contextDestroyed()
12-May-2021 14:14:49.556 INFO [main] org.apache.catalina.core.ApplicationContext.log ContextListener: contextDestroyed()
